14:54:11 **** Incremental Build of configuration Debug for project stm32103_fw ****
make -j6 all 
arm-none-eabi-gcc "../src/lib/cube_f103/Drivers/STM32F1xx_HAL_Driver/Src/stm32f1xx_hal.c" -mcpu=cortex-m3 -std=gnu11 -g3 -c -I"C:/Users/PC20/STM32CubeIDE/workspace_1.6.1/stm32103_fw/src" -I"C:/Users/PC20/STM32CubeIDE/workspace_1.6.1/stm32103_fw/src/ap" -I"C:/Users/PC20/STM32CubeIDE/workspace_1.6.1/stm32103_fw/src/bsp" -I"C:/Users/PC20/STM32CubeIDE/workspace_1.6.1/stm32103_fw/src/common" -I"C:/Users/PC20/STM32CubeIDE/workspace_1.6.1/stm32103_fw/src/hw" -I"C:/Users/PC20/STM32CubeIDE/workspace_1.6.1/stm32103_fw/src/lib" -O0 -ffunction-sections -fdata-sections -Wall -fstack-usage -MMD -MP -MF"src/lib/cube_f103/Drivers/STM32F1xx_HAL_Driver/Src/stm32f1xx_hal.d" -MT"src/lib/cube_f103/Drivers/STM32F1xx_HAL_Driver/Src/stm32f1xx_hal.o" --specs=nano.specs -mfloat-abi=soft -mthumb -o "src/lib/cube_f103/Drivers/STM32F1xx_HAL_Driver/Src/stm32f1xx_hal.o"
arm-none-eabi-gcc "../src/lib/cube_f103/Drivers/STM32F1xx_HAL_Driver/Src/stm32f1xx_hal_cortex.c" -mcpu=cortex-m3 -std=gnu11 -g3 -c -I"C:/Users/PC20/STM32CubeIDE/workspace_1.6.1/stm32103_fw/src" -I"C:/Users/PC20/STM32CubeIDE/workspace_1.6.1/stm32103_fw/src/ap" -I"C:/Users/PC20/STM32CubeIDE/workspace_1.6.1/stm32103_fw/src/bsp" -I"C:/Users/PC20/STM32CubeIDE/workspace_1.6.1/stm32103_fw/src/common" -I"C:/Users/PC20/STM32CubeIDE/workspace_1.6.1/stm32103_fw/src/hw" -I"C:/Users/PC20/STM32CubeIDE/workspace_1.6.1/stm32103_fw/src/lib" -O0 -ffunction-sections -fdata-sections -Wall -fstack-usage -MMD -MP -MF"src/lib/cube_f103/Drivers/STM32F1xx_HAL_Driver/Src/stm32f1xx_hal_cortex.d" -MT"src/lib/cube_f103/Drivers/STM32F1xx_HAL_Driver/Src/stm32f1xx_hal_cortex.o" --specs=nano.specs -mfloat-abi=soft -mthumb -o "src/lib/cube_f103/Drivers/STM32F1xx_HAL_Driver/Src/stm32f1xx_hal_cortex.o"
arm-none-eabi-gcc "../src/lib/cube_f103/Drivers/STM32F1xx_HAL_Driver/Src/stm32f1xx_hal_dma.c" -mcpu=cortex-m3 -std=gnu11 -g3 -c -I"C:/Users/PC20/STM32CubeIDE/workspace_1.6.1/stm32103_fw/src" -I"C:/Users/PC20/STM32CubeIDE/workspace_1.6.1/stm32103_fw/src/ap" -I"C:/Users/PC20/STM32CubeIDE/workspace_1.6.1/stm32103_fw/src/bsp" -I"C:/Users/PC20/STM32CubeIDE/workspace_1.6.1/stm32103_fw/src/common" -I"C:/Users/PC20/STM32CubeIDE/workspace_1.6.1/stm32103_fw/src/hw" -I"C:/Users/PC20/STM32CubeIDE/workspace_1.6.1/stm32103_fw/src/lib" -O0 -ffunction-sections -fdata-sections -Wall -fstack-usage -MMD -MP -MF"src/lib/cube_f103/Drivers/STM32F1xx_HAL_Driver/Src/stm32f1xx_hal_dma.d" -MT"src/lib/cube_f103/Drivers/STM32F1xx_HAL_Driver/Src/stm32f1xx_hal_dma.o" --specs=nano.specs -mfloat-abi=soft -mthumb -o "src/lib/cube_f103/Drivers/STM32F1xx_HAL_Driver/Src/stm32f1xx_hal_dma.o"
arm-none-eabi-gcc "../src/lib/cube_f103/Drivers/STM32F1xx_HAL_Driver/Src/stm32f1xx_hal_exti.c" -mcpu=cortex-m3 -std=gnu11 -g3 -c -I"C:/Users/PC20/STM32CubeIDE/workspace_1.6.1/stm32103_fw/src" -I"C:/Users/PC20/STM32CubeIDE/workspace_1.6.1/stm32103_fw/src/ap" -I"C:/Users/PC20/STM32CubeIDE/workspace_1.6.1/stm32103_fw/src/bsp" -I"C:/Users/PC20/STM32CubeIDE/workspace_1.6.1/stm32103_fw/src/common" -I"C:/Users/PC20/STM32CubeIDE/workspace_1.6.1/stm32103_fw/src/hw" -I"C:/Users/PC20/STM32CubeIDE/workspace_1.6.1/stm32103_fw/src/lib" -O0 -ffunction-sections -fdata-sections -Wall -fstack-usage -MMD -MP -MF"src/lib/cube_f103/Drivers/STM32F1xx_HAL_Driver/Src/stm32f1xx_hal_exti.d" -MT"src/lib/cube_f103/Drivers/STM32F1xx_HAL_Driver/Src/stm32f1xx_hal_exti.o" --specs=nano.specs -mfloat-abi=soft -mthumb -o "src/lib/cube_f103/Drivers/STM32F1xx_HAL_Driver/Src/stm32f1xx_hal_exti.o"
arm-none-eabi-gcc "../src/lib/cube_f103/Drivers/STM32F1xx_HAL_Driver/Src/stm32f1xx_hal_flash.c" -mcpu=cortex-m3 -std=gnu11 -g3 -c -I"C:/Users/PC20/STM32CubeIDE/workspace_1.6.1/stm32103_fw/src" -I"C:/Users/PC20/STM32CubeIDE/workspace_1.6.1/stm32103_fw/src/ap" -I"C:/Users/PC20/STM32CubeIDE/workspace_1.6.1/stm32103_fw/src/bsp" -I"C:/Users/PC20/STM32CubeIDE/workspace_1.6.1/stm32103_fw/src/common" -I"C:/Users/PC20/STM32CubeIDE/workspace_1.6.1/stm32103_fw/src/hw" -I"C:/Users/PC20/STM32CubeIDE/workspace_1.6.1/stm32103_fw/src/lib" -O0 -ffunction-sections -fdata-sections -Wall -fstack-usage -MMD -MP -MF"src/lib/cube_f103/Drivers/STM32F1xx_HAL_Driver/Src/stm32f1xx_hal_flash.d" -MT"src/lib/cube_f103/Drivers/STM32F1xx_HAL_Driver/Src/stm32f1xx_hal_flash.o" --specs=nano.specs -mfloat-abi=soft -mthumb -o "src/lib/cube_f103/Drivers/STM32F1xx_HAL_Driver/Src/stm32f1xx_hal_flash.o"
arm-none-eabi-gcc "../src/lib/cube_f103/Drivers/STM32F1xx_HAL_Driver/Src/stm32f1xx_hal_flash_ex.c" -mcpu=cortex-m3 -std=gnu11 -g3 -c -I"C:/Users/PC20/STM32CubeIDE/workspace_1.6.1/stm32103_fw/src" -I"C:/Users/PC20/STM32CubeIDE/workspace_1.6.1/stm32103_fw/src/ap" -I"C:/Users/PC20/STM32CubeIDE/workspace_1.6.1/stm32103_fw/src/bsp" -I"C:/Users/PC20/STM32CubeIDE/workspace_1.6.1/stm32103_fw/src/common" -I"C:/Users/PC20/STM32CubeIDE/workspace_1.6.1/stm32103_fw/src/hw" -I"C:/Users/PC20/STM32CubeIDE/workspace_1.6.1/stm32103_fw/src/lib" -O0 -ffunction-sections -fdata-sections -Wall -fstack-usage -MMD -MP -MF"src/lib/cube_f103/Drivers/STM32F1xx_HAL_Driver/Src/stm32f1xx_hal_flash_ex.d" -MT"src/lib/cube_f103/Drivers/STM32F1xx_HAL_Driver/Src/stm32f1xx_hal_flash_ex.o" --specs=nano.specs -mfloat-abi=soft -mthumb -o "src/lib/cube_f103/Drivers/STM32F1xx_HAL_Driver/Src/stm32f1xx_hal_flash_ex.o"
../src/lib/cube_f103/Drivers/STM32F1xx_HAL_Driver/Src/stm32f1xx_hal.c:36:10: fatal error: stm32f1xx_hal.h: No such file or directory
   36 | #include "stm32f1xx_hal.h"
      |          ^~~~~~~~~~~~~~~~~
compilation terminated.
../src/lib/cube_f103/Drivers/STM32F1xx_HAL_Driver/Src/stm32f1xx_hal_cortex.c:83:10: fatal error: stm32f1xx_hal.h: No such file or directory
   83 | #include "stm32f1xx_hal.h"
      |          ^~~~~~~~~~~~~~~~~
compilation terminated.
../src/lib/cube_f103/Drivers/STM32F1xx_HAL_Driver/Src/stm32f1xx_hal_dma.c:85:10: fatal error: stm32f1xx_hal.h: No such file or directory
   85 | #include "stm32f1xx_hal.h"
      |          ^~~~~~~~~~~~~~~~~
compilation terminated.
make: *** [src/lib/cube_f103/Drivers/STM32F1xx_HAL_Driver/Src/subdir.mk:55: src/lib/cube_f103/Drivers/STM32F1xx_HAL_Driver/Src/stm32f1xx_hal.o] Error 1
make: *** Waiting for unfinished jobs....
make: *** [src/lib/cube_f103/Drivers/STM32F1xx_HAL_Driver/Src/subdir.mk:59: src/lib/cube_f103/Drivers/STM32F1xx_HAL_Driver/Src/stm32f1xx_hal_dma.o] Error 1
make: *** [src/lib/cube_f103/Drivers/STM32F1xx_HAL_Driver/Src/subdir.mk:57: src/lib/cube_f103/Drivers/STM32F1xx_HAL_Driver/Src/stm32f1xx_hal_cortex.o] Error 1
../src/lib/cube_f103/Drivers/STM32F1xx_HAL_Driver/Src/stm32f1xx_hal_flash.c:85:10: fatal error: stm32f1xx_hal.h: No such file or directory
   85 | #include "stm32f1xx_hal.h"
      |          ^~~~~~~~~~~~~~~~~
compilation terminated.
../src/lib/cube_f103/Drivers/STM32F1xx_HAL_Driver/Src/stm32f1xx_hal_exti.c:87:10: fatal error: stm32f1xx_hal.h: No such file or directory
   87 | #include "stm32f1xx_hal.h"
      |          ^~~~~~~~~~~~~~~~~
../src/lib/cube_f103/Drivers/STM32F1xx_HAL_Driver/Src/stm32f1xx_hal_flash_ex.c:43:10: fatal error: stm32f1xx_hal.h: No such file or directory
   43 | #include "stm32f1xx_hal.h"
      |          ^~~~~~~~~~~~~~~~~
compilation terminated.
compilation terminated.
make: *** [src/lib/cube_f103/Drivers/STM32F1xx_HAL_Driver/Src/subdir.mk:63: src/lib/cube_f103/Drivers/STM32F1xx_HAL_Driver/Src/stm32f1xx_hal_flash.o] Error 1
make: *** [src/lib/cube_f103/Drivers/STM32F1xx_HAL_Driver/Src/subdir.mk:65: src/lib/cube_f103/Drivers/STM32F1xx_HAL_Driver/Src/stm32f1xx_hal_flash_ex.o] Error 1
make: *** [src/lib/cube_f103/Drivers/STM32F1xx_HAL_Driver/Src/subdir.mk:61: src/lib/cube_f103/Drivers/STM32F1xx_HAL_Driver/Src/stm32f1xx_hal_exti.o] Error 1
"make -j6 all" terminated with exit code 2. Build might be incomplete.

14:54:11 Build Failed. 13 errors, 0 warnings. (took 609ms)

